-------------------------------------------------------------------------------
Test set: guru.springframework.msscbrewery.web.controller.BeerControllerTest
-------------------------------------------------------------------------------
Tests run: 3, Failures: 1, Errors: 0, Skipped: 0, Time elapsed: 1.833 s <<< FAILURE! - in guru.springframework.msscbrewery.web.controller.BeerControllerTest
handleUpdate  Time elapsed: 0.564 s  <<< FAILURE!
java.lang.AssertionError: Status expected:<204> but was:<400>
	at guru.springframework.msscbrewery.web.controller.BeerControllerTest.handleUpdate(BeerControllerTest.java:129)

