<?xml version="1.0" encoding="UTF-8"?>
<testsuite xmlns:xsi="http://www.w3.org/2001/XMLSchema-instance" xsi:noNamespaceSchemaLocation="https://maven.apache.org/surefire/maven-surefire-plugin/xsd/surefire-test-report.xsd" name="guru.springframework.msscbrewery.web.controller.BeerControllerTest" time="1.833" tests="3" errors="0" skipped="0" failures="1">
  <properties>
[...]
</properties>
  <testcase name="handleUpdate" classname="guru.springframework.msscbrewery.web.controller.BeerControllerTest" time="0.564">
    <failure message="Status expected:&lt;204&gt; but was:&lt;400&gt;" type="java.lang.AssertionError"><![CDATA[java.lang.AssertionError: Status expected:<204> but was:<400>
	at guru.springframework.msscbrewery.web.controller.BeerControllerTest.handleUpdate(BeerControllerTest.java:129)
]]></failure>
    <system-out><![CDATA[2022-04-04 15:41:14.377  INFO 167665 --- [           main] .b.t.a.w.s.WebMvcTestContextBootstrapper : Neither @ContextConfiguration nor @ContextHierarchy found for test class [guru.springframework.msscbrewery.web.controller.BeerControllerTest], using SpringBootContextLoader
2022-04-04 15:41:14.379  INFO 167665 --- [           main] o.s.t.c.support.AbstractContextLoader    : Could not detect default resource locations for test class [guru.springframework.msscbrewery.web.controller.BeerControllerTest]: no resource found for suffixes {-context.xml, Context.groovy}.
2022-04-04 15:41:14.379  INFO 167665 --- [           main] t.c.s.AnnotationConfigContextLoaderUtils : Could not detect default configuration classes for test class [guru.springframework.msscbrewery.web.controller.BeerControllerTest]: BeerControllerTest does not declare any static, non-private, non-final, nested classes annotated with @Configuration.
2022-04-04 15:41:14.418  INFO 167665 --- [           main] .b.t.c.SpringBootTestContextBootstrapper : Found @SpringBootConfiguration guru.springframework.msscbrewery.MsscBreweryApplication for test class guru.springframework.msscbrewery.web.controller.BeerControllerTest
2022-04-04 15:41:14.420  INFO 167665 --- [           main] .b.t.a.w.s.WebMvcTestContextBootstrapper : Loaded default TestExecutionListener class names from location [META-INF/spring.factories]: [org.springframework.boot.test.mock.mockito.MockitoTestExecutionListener, org.springframework.boot.test.mock.mockito.ResetMocksTestExecutionListener, org.springframework.boot.test.autoconfigure.restdocs.RestDocsTestExecutionListener, org.springframework.boot.test.autoconfigure.web.client.MockRestServiceServerResetTestExecutionListener, org.springframework.boot.test.autoconfigure.web.servlet.MockMvcPrintOnlyOnFailureTestExecutionListener, org.springframework.boot.test.autoconfigure.web.servlet.WebDriverTestExecutionListener, org.springframework.boot.test.autoconfigure.webservices.client.MockWebServiceServerTestExecutionListener, org.springframework.test.context.web.ServletTestExecutionListener, org.springframework.test.context.support.DirtiesContextBeforeModesTestExecutionListener, org.springframework.test.context.event.ApplicationEventsTestExecutionListener, org.springframework.test.context.support.DependencyInjectionTestExecutionListener, org.springframework.test.context.support.DirtiesContextTestExecutionListener, org.springframework.test.context.transaction.TransactionalTestExecutionListener, org.springframework.test.context.jdbc.SqlScriptsTestExecutionListener, org.springframework.test.context.event.EventPublishingTestExecutionListener]
2022-04-04 15:41:14.422  INFO 167665 --- [           main] .b.t.a.w.s.WebMvcTestContextBootstrapper : Using TestExecutionListeners: [org.springframework.test.context.web.ServletTestExecutionListener@2ab9e43e, org.springframework.test.context.support.DirtiesContextBeforeModesTestExecutionListener@10dfa7ef, org.springframework.test.context.event.ApplicationEventsTestExecutionListener@4fd80300, org.springframework.boot.test.mock.mockito.MockitoTestExecutionListener@1805383, org.springframework.boot.test.autoconfigure.SpringBootDependencyInjectionTestExecutionListener@64fdcf99, org.springframework.test.context.support.DirtiesContextTestExecutionListener@9f0fc36, org.springframework.test.context.event.EventPublishingTestExecutionListener@63f2e0b, org.springframework.boot.test.mock.mockito.ResetMocksTestExecutionListener@5a06904, org.springframework.boot.test.autoconfigure.restdocs.RestDocsTestExecutionListener@fabef2e, org.springframework.boot.test.autoconfigure.web.client.MockRestServiceServerResetTestExecutionListener@1b4a3a1, org.springframework.boot.test.autoconfigure.web.servlet.MockMvcPrintOnlyOnFailureTestExecutionListener@7e848aea, org.springframework.boot.test.autoconfigure.web.servlet.WebDriverTestExecutionListener@786a3477, org.springframework.boot.test.autoconfigure.webservices.client.MockWebServiceServerTestExecutionListener@286866cb]

  .   ____          _            __ _ _
 /\\ / ___'_ __ _ _(_)_ __  __ _ \ \ \ \
( ( )\___ | '_ | '_| | '_ \/ _` | \ \ \ \
 \\/  ___)| |_)| | | | | || (_| |  ) ) ) )
  '  |____| .__|_| |_|_| |_\__, | / / / /
 =========|_|==============|___/=/_/_/_/
 :: Spring Boot ::                (v2.6.4)

2022-04-04 15:41:14.502  INFO 167665 --- [           main] g.s.m.web.controller.BeerControllerTest  : Starting BeerControllerTest using Java 11.0.15 on Suhail-inspiron5558 with PID 167665 (started by muhamedsuhail in /home/muhamedsuhail/Suhail/Practice/microservices/springBoot-Microservices/brewery-rest-docs)
2022-04-04 15:41:14.503  INFO 167665 --- [           main] g.s.m.web.controller.BeerControllerTest  : No active profile set, falling back to 1 default profile: "default"
2022-04-04 15:41:15.349  INFO 167665 --- [           main] o.s.b.t.m.w.SpringBootMockServletContext : Initializing Spring TestDispatcherServlet ''
2022-04-04 15:41:15.350  INFO 167665 --- [           main] o.s.t.web.servlet.TestDispatcherServlet  : Initializing Servlet ''
2022-04-04 15:41:15.353  INFO 167665 --- [           main] o.s.t.web.servlet.TestDispatcherServlet  : Completed initialization in 3 ms
2022-04-04 15:41:15.381  INFO 167665 --- [           main] g.s.m.web.controller.BeerControllerTest  : Started BeerControllerTest in 0.954 seconds (JVM running for 8.629)

MockHttpServletRequest:
      HTTP Method = PUT
      Request URI = /api/v1/beer/8da61148-f94a-419a-ac4a-a1369abfabea
       Parameters = {}
          Headers = [Content-Type:"application/json;charset=UTF-8", Content-Length:"148"]
             Body = {"id":"0ddaa42a-e1a1-472e-8598-ef1d586c4867","beerName":"Beer1","beerStyle":"PALE_ALE","upc":123456789012,"createdDate":null,"lastUpdatedDate":null}
    Session Attrs = {}

Handler:
             Type = guru.springframework.msscbrewery.web.controller.BeerController
           Method = guru.springframework.msscbrewery.web.controller.BeerController#handleUpdate(UUID, BeerDto)

Async:
    Async started = false
     Async result = null

Resolved Exception:
             Type = org.springframework.web.bind.MethodArgumentNotValidException

ModelAndView:
        View name = null
             View = null
            Model = null

FlashMap:
       Attributes = null

MockHttpServletResponse:
           Status = 400
    Error message = null
          Headers = [Content-Type:"application/json"]
     Content type = application/json
             Body = [{"codes":["Null.beerDto.id","Null.id","Null.java.util.UUID","Null"],"arguments":[{"codes":["beerDto.id","id"],"arguments":null,"defaultMessage":"id","code":"id"}],"defaultMessage":"must be null","objectName":"beerDto","field":"id","rejectedValue":"0ddaa42a-e1a1-472e-8598-ef1d586c4867","bindingFailure":false,"code":"Null"}]
    Forwarded URL = null
   Redirected URL = null
          Cookies = []
]]></system-out>
  </testcase>
  <testcase name="getBeer" classname="guru.springframework.msscbrewery.web.controller.BeerControllerTest" time="0.293"/>
  <testcase name="handlePost" classname="guru.springframework.msscbrewery.web.controller.BeerControllerTest" time="0.05"/>
</testsuite>